TN:
SF:src\App.jsx
FN:7,App
FNF:1
FNH:0
FNDA:0,App
DA:8,0
LF:1
LH:0
BRF:0
BRH:0
end_of_record
TN:
SF:src\main.jsx
FNF:0
FNH:0
DA:10,0
DA:21,0
LF:2
LH:0
BRF:0
BRH:0
end_of_record
TN:
SF:src\Componentes\Fondo.jsx
FN:3,Fondo
FN:4,(anonymous_1)
FNF:2
FNH:0
FNDA:0,Fondo
FNDA:0,(anonymous_1)
DA:4,0
DA:5,0
DA:8,0
LF:3
LH:0
BRF:0
BRH:0
end_of_record
TN:
SF:src\Componentes\Home.jsx
FN:3,Fondo
FN:4,(anonymous_1)
FN:8,(anonymous_2)
FN:11,(anonymous_3)
FN:14,(anonymous_4)
FNF:5
FNH:0
FNDA:0,Fondo
FNDA:0,(anonymous_1)
FNDA:0,(anonymous_2)
FNDA:0,(anonymous_3)
FNDA:0,(anonymous_4)
DA:4,0
DA:6,0
DA:8,0
DA:9,0
DA:11,0
DA:12,0
DA:14,0
DA:15,0
DA:17,0
LF:9
LH:0
BRF:0
BRH:0
end_of_record
TN:
SF:src\Componentes\Inicio.jsx
FN:5,Inicio
FN:7,(anonymous_1)
FN:8,(anonymous_2)
FNF:3
FNH:0
FNDA:0,Inicio
FNDA:0,(anonymous_1)
FNDA:0,(anonymous_2)
DA:6,0
DA:7,0
DA:8,0
DA:9,0
DA:12,0
LF:5
LH:0
BRF:0
BRH:0
end_of_record
TN:
SF:src\Componentes\Muro.jsx
FN:6,Muro
FN:18,(anonymous_1)
FN:23,(anonymous_2)
FN:27,(anonymous_3)
FN:35,(anonymous_4)
FN:41,(anonymous_5)
FN:42,(anonymous_6)
FN:50,(anonymous_7)
FN:58,(anonymous_8)
FN:66,(anonymous_9)
FN:70,(anonymous_10)
FN:71,(anonymous_11)
FN:110,(anonymous_12)
FN:115,(anonymous_13)
FN:116,(anonymous_14)
FNF:15
FNH:0
FNDA:0,Muro
FNDA:0,(anonymous_1)
FNDA:0,(anonymous_2)
FNDA:0,(anonymous_3)
FNDA:0,(anonymous_4)
FNDA:0,(anonymous_5)
FNDA:0,(anonymous_6)
FNDA:0,(anonymous_7)
FNDA:0,(anonymous_8)
FNDA:0,(anonymous_9)
FNDA:0,(anonymous_10)
FNDA:0,(anonymous_11)
FNDA:0,(anonymous_12)
FNDA:0,(anonymous_13)
FNDA:0,(anonymous_14)
DA:7,0
DA:9,0
DA:14,0
DA:15,0
DA:16,0
DA:18,0
DA:19,0
DA:20,0
DA:23,0
DA:24,0
DA:27,0
DA:28,0
DA:30,0
DA:32,0
DA:33,0
DA:34,0
DA:36,0
DA:38,0
DA:41,0
DA:42,0
DA:43,0
DA:44,0
DA:50,0
DA:51,0
DA:52,0
DA:54,0
DA:58,0
DA:59,0
DA:60,0
DA:66,0
DA:67,0
DA:70,0
DA:71,0
DA:72,0
DA:76,0
DA:111,0
DA:115,0
DA:116,0
LF:38
LH:0
BRDA:59,0,0,0
BRDA:59,0,1,0
BRF:2
BRH:0
end_of_record
